gEDA/gschem version 1.8.2.20130925
gEDA/gschem n'est accompagné d'ABSOLUMENT AUCUNE GARANTIE.
Ceci est un logiciel libre et vous êtes invité à le redistribuer en respectant
certaines obligations ; pour plus de détails reportez vous au fichier COPYING.

Lecture du fichier scm de démarrage [/usr/share/gEDA/scheme/gschem.scm]
Configuration interprétée à partir de [/usr/share/gEDA/system-gafrc]
Configuration interprétée à partir de [/home/laurent/.gEDA/gafrc]
Configuration interprétée à partir de [/usr/share/gEDA/system-gschemrc]
Chargement du schéma [/home/laurent/Documents/120_Electronique/10_Circuits/500_Shield_Programmateur_AVR/30_Atmega8-168-328/ArduinoISP_shield_Attmega.sch]
WARNING: Symbol version mismatch on refdes PULSE (led-1.sym):
	Symbol in library is newer than instantiated symbol
	Changement de version mineur (fichier 0.100, instantiation 0.000)
WARNING: Symbol version mismatch on refdes ERROR (led-1.sym):
	Symbol in library is newer than instantiated symbol
	Changement de version mineur (fichier 0.100, instantiation 0.000)
WARNING: Symbol version mismatch on refdes PROG (led-1.sym):
	Symbol in library is newer than instantiated symbol
	Changement de version mineur (fichier 0.100, instantiation 0.000)
WARNING: Symbol version mismatch on refdes HELLO (led-1.sym):
	Symbol in library is newer than instantiated symbol
	Changement de version mineur (fichier 0.100, instantiation 0.000)
